  stdafx.cpp
  Camera.cpp
  Mesh.cpp
  Model3D.cpp
c:\users\patri\documents\facultate\github\smalltown\spg - aplicatie\ghitunpatriciaroxana_gr30237_app\opengl_4_application_vs2015\model3d.cpp(32): warning C4018: '<': signed/unsigned mismatch
c:\users\patri\documents\facultate\github\smalltown\spg - aplicatie\ghitunpatriciaroxana_gr30237_app\opengl_4_application_vs2015\model3d.cpp(73): warning C4018: '<': signed/unsigned mismatch
c:\users\patri\documents\facultate\github\smalltown\spg - aplicatie\ghitunpatriciaroxana_gr30237_app\opengl_4_application_vs2015\model3d.cpp(154): warning C4018: '<': signed/unsigned mismatch
  OpenGL_4_Application_VS2015.cpp
c:\users\patri\documents\facultate\github\smalltown\spg - aplicatie\ghitunpatriciaroxana_gr30237_app\opengl_4_application_vs2015\opengl_4_application_vs2015.cpp(183): warning C4244: '=': conversion from 'double' to 'float', possible loss of data
c:\users\patri\documents\facultate\github\smalltown\spg - aplicatie\ghitunpatriciaroxana_gr30237_app\opengl_4_application_vs2015\opengl_4_application_vs2015.cpp(184): warning C4244: '=': conversion from 'double' to 'float', possible loss of data
c:\users\patri\documents\facultate\github\smalltown\spg - aplicatie\ghitunpatriciaroxana_gr30237_app\opengl_4_application_vs2015\opengl_4_application_vs2015.cpp(188): warning C4244: 'initializing': conversion from 'double' to 'float', possible loss of data
c:\users\patri\documents\facultate\github\smalltown\spg - aplicatie\ghitunpatriciaroxana_gr30237_app\opengl_4_application_vs2015\opengl_4_application_vs2015.cpp(189): warning C4244: 'initializing': conversion from 'double' to 'float', possible loss of data
c:\users\patri\documents\facultate\github\smalltown\spg - aplicatie\ghitunpatriciaroxana_gr30237_app\opengl_4_application_vs2015\opengl_4_application_vs2015.cpp(190): warning C4244: '=': conversion from 'double' to 'float', possible loss of data
c:\users\patri\documents\facultate\github\smalltown\spg - aplicatie\ghitunpatriciaroxana_gr30237_app\opengl_4_application_vs2015\opengl_4_application_vs2015.cpp(191): warning C4244: '=': conversion from 'double' to 'float', possible loss of data
c:\users\patri\documents\facultate\github\smalltown\spg - aplicatie\ghitunpatriciaroxana_gr30237_app\opengl_4_application_vs2015\opengl_4_application_vs2015.cpp(193): warning C4305: 'initializing': truncation from 'double' to 'float'
c:\users\patri\documents\facultate\github\smalltown\spg - aplicatie\ghitunpatriciaroxana_gr30237_app\opengl_4_application_vs2015\opengl_4_application_vs2015.cpp(521): warning C4244: 'argument': conversion from 'double' to 'float', possible loss of data
  Shader.cpp
  SkyBox.cpp
  stb_image.c
LINK : warning LNK4098: defaultlib 'LIBCMT' conflicts with use of other libs; use /NODEFAULTLIB:library
  Generating code
  1972 of 1996 functions (98.8%) were compiled, the rest were copied from previous compilation.
    34 functions were new in current compilation
    0 functions had inline decision re-evaluated but remain unchanged
  Finished generating code
Mesh.obj : warning LNK4049: locally defined symbol ___glewGenBuffers imported
Mesh.obj : warning LNK4049: locally defined symbol ___glewGenVertexArrays imported
Mesh.obj : warning LNK4049: locally defined symbol ___glewActiveTexture imported
Mesh.obj : warning LNK4049: locally defined symbol ___glewBufferData imported
Mesh.obj : warning LNK4049: locally defined symbol ___glewGetUniformLocation imported
Mesh.obj : warning LNK4049: locally defined symbol ___glewUniform1i imported
Mesh.obj : warning LNK4049: locally defined symbol ___glewBindBuffer imported
Mesh.obj : warning LNK4049: locally defined symbol ___glewVertexAttribPointer imported
Mesh.obj : warning LNK4049: locally defined symbol ___glewBindVertexArray imported
Mesh.obj : warning LNK4049: locally defined symbol ___glewEnableVertexAttribArray imported
Model3D.obj : warning LNK4049: locally defined symbol ___glewGenerateMipmap imported
Shader.obj : warning LNK4049: locally defined symbol ___glewLinkProgram imported
Shader.obj : warning LNK4049: locally defined symbol ___glewDeleteShader imported
Shader.obj : warning LNK4049: locally defined symbol ___glewGetProgramInfoLog imported
Shader.obj : warning LNK4049: locally defined symbol ___glewShaderSource imported
Shader.obj : warning LNK4049: locally defined symbol ___glewAttachShader imported
Shader.obj : warning LNK4049: locally defined symbol ___glewGetProgramiv imported
Shader.obj : warning LNK4049: locally defined symbol ___glewGetShaderInfoLog imported
Shader.obj : warning LNK4049: locally defined symbol ___glewCreateProgram imported
Shader.obj : warning LNK4049: locally defined symbol ___glewCreateShader imported
Shader.obj : warning LNK4049: locally defined symbol ___glewCompileShader imported
Shader.obj : warning LNK4049: locally defined symbol ___glewGetShaderiv imported
Shader.obj : warning LNK4049: locally defined symbol ___glewUseProgram imported
SkyBox.obj : warning LNK4049: locally defined symbol ___glewUniformMatrix4fv imported
glew32s.lib(glew.obj) : warning LNK4099: PDB 'vc120.pdb' was not found with 'glew32s.lib(glew.obj)' or at 'C:\Users\patri\Documents\Facultate\GITHUB\SmallTown\SPG - APLICATIE\GhitunPatriciaRoxana_gr30237_app\Release\vc120.pdb'; linking object as if no debug info
  OpenGL_4_Application_VS2015.vcxproj -> C:\Users\patri\Documents\Facultate\GITHUB\SmallTown\SPG - APLICATIE\GhitunPatriciaRoxana_gr30237_app\Release\OpenGL_4_Application_VS2015.exe
